0 info it worked if it ends with ok
1 verbose cli [ '/usr/local/bin/node',
1 verbose cli   '/usr/local/bin/npm',
1 verbose cli   'install',
1 verbose cli   'cookie-parser',
1 verbose cli   '--save' ]
2 info using npm@2.14.7
3 info using node@v4.2.1
4 verbose install initial load of /Users/Mark/Desktop/Rutgers/003-RCB-Classwork/Collaborations/Mark_Portfolio-RCBSaturday/package.json
5 verbose installManyTop reading scoped package data from /Users/Mark/Desktop/Rutgers/003-RCB-Classwork/Collaborations/Mark_Portfolio-RCBSaturday/node_modules/body-parser/package.json
6 verbose installManyTop reading scoped package data from /Users/Mark/Desktop/Rutgers/003-RCB-Classwork/Collaborations/Mark_Portfolio-RCBSaturday/node_modules/cheerio/package.json
7 verbose installManyTop reading scoped package data from /Users/Mark/Desktop/Rutgers/003-RCB-Classwork/Collaborations/Mark_Portfolio-RCBSaturday/node_modules/cookie-parser/package.json
8 verbose installManyTop reading scoped package data from /Users/Mark/Desktop/Rutgers/003-RCB-Classwork/Collaborations/Mark_Portfolio-RCBSaturday/node_modules/cookieparser/package.json
9 verbose installManyTop reading scoped package data from /Users/Mark/Desktop/Rutgers/003-RCB-Classwork/Collaborations/Mark_Portfolio-RCBSaturday/node_modules/express/package.json
10 verbose installManyTop reading scoped package data from /Users/Mark/Desktop/Rutgers/003-RCB-Classwork/Collaborations/Mark_Portfolio-RCBSaturday/node_modules/express-session/package.json
11 verbose installManyTop reading scoped package data from /Users/Mark/Desktop/Rutgers/003-RCB-Classwork/Collaborations/Mark_Portfolio-RCBSaturday/node_modules/method-override/package.json
12 verbose installManyTop reading scoped package data from /Users/Mark/Desktop/Rutgers/003-RCB-Classwork/Collaborations/Mark_Portfolio-RCBSaturday/node_modules/mongoose/package.json
13 verbose installManyTop reading scoped package data from /Users/Mark/Desktop/Rutgers/003-RCB-Classwork/Collaborations/Mark_Portfolio-RCBSaturday/node_modules/morgan/package.json
14 verbose installManyTop reading scoped package data from /Users/Mark/Desktop/Rutgers/003-RCB-Classwork/Collaborations/Mark_Portfolio-RCBSaturday/node_modules/ng-storage/package.json
15 verbose readDependencies loading dependencies from /Users/Mark/Desktop/Rutgers/003-RCB-Classwork/Collaborations/Mark_Portfolio-RCBSaturday/package.json
16 verbose install cookie-parser is installed as 1.4.1
17 silly cache add args [ 'cookie-parser', null ]
18 verbose cache add spec cookie-parser
19 silly cache add parsed spec Result {
19 silly cache add   raw: 'cookie-parser',
19 silly cache add   scope: null,
19 silly cache add   name: 'cookie-parser',
19 silly cache add   rawSpec: '',
19 silly cache add   spec: '*',
19 silly cache add   type: 'range' }
20 silly addNamed cookie-parser@*
21 verbose addNamed "*" is a valid semver range for cookie-parser
22 silly addNameRange { name: 'cookie-parser', range: '*', hasData: false }
23 silly mapToRegistry name cookie-parser
24 silly mapToRegistry using default registry
25 silly mapToRegistry registry https://registry.npmjs.org/
26 silly mapToRegistry uri https://registry.npmjs.org/cookie-parser
27 verbose addNameRange registry:https://registry.npmjs.org/cookie-parser not in flight; fetching
28 verbose request uri https://registry.npmjs.org/cookie-parser
29 verbose request no auth needed
30 info attempt registry request try #1 at 2:24:52 PM
31 verbose request id 4c86c7c968824420
32 verbose etag "2T28IXNBXT148HS01Q5S83V1Q"
33 http request GET https://registry.npmjs.org/cookie-parser
34 http 304 https://registry.npmjs.org/cookie-parser
35 verbose headers { date: 'Wed, 27 Apr 2016 18:24:53 GMT',
35 verbose headers   via: '1.1 varnish',
35 verbose headers   'cache-control': 'max-age=300',
35 verbose headers   etag: '"2T28IXNBXT148HS01Q5S83V1Q"',
35 verbose headers   age: '83',
35 verbose headers   connection: 'keep-alive',
35 verbose headers   'x-served-by': 'cache-atl6241-ATL',
35 verbose headers   'x-cache': 'HIT',
35 verbose headers   'x-cache-hits': '2',
35 verbose headers   'x-timer': 'S1461781493.216897,VS0,VE0',
35 verbose headers   vary: 'Accept-Encoding' }
36 silly get cb [ 304,
36 silly get   { date: 'Wed, 27 Apr 2016 18:24:53 GMT',
36 silly get     via: '1.1 varnish',
36 silly get     'cache-control': 'max-age=300',
36 silly get     etag: '"2T28IXNBXT148HS01Q5S83V1Q"',
36 silly get     age: '83',
36 silly get     connection: 'keep-alive',
36 silly get     'x-served-by': 'cache-atl6241-ATL',
36 silly get     'x-cache': 'HIT',
36 silly get     'x-cache-hits': '2',
36 silly get     'x-timer': 'S1461781493.216897,VS0,VE0',
36 silly get     vary: 'Accept-Encoding' } ]
37 verbose etag https://registry.npmjs.org/cookie-parser from cache
38 verbose get saving cookie-parser to /Users/Mark/.npm/registry.npmjs.org/cookie-parser/.cache.json
39 silly addNameRange number 2 { name: 'cookie-parser', range: '*', hasData: true }
40 silly addNameRange versions [ 'cookie-parser',
40 silly addNameRange   [ '1.0.0',
40 silly addNameRange     '1.0.1',
40 silly addNameRange     '1.1.0',
40 silly addNameRange     '1.2.0',
40 silly addNameRange     '1.3.0',
40 silly addNameRange     '1.3.1',
40 silly addNameRange     '1.3.2',
40 silly addNameRange     '1.3.3',
40 silly addNameRange     '1.3.4',
40 silly addNameRange     '1.3.5',
40 silly addNameRange     '1.4.0',
40 silly addNameRange     '1.4.1' ] ]
41 silly addNamed cookie-parser@1.4.1
42 verbose addNamed "1.4.1" is a plain semver version for cookie-parser
43 silly cache afterAdd cookie-parser@1.4.1
44 verbose afterAdd /Users/Mark/.npm/cookie-parser/1.4.1/package/package.json not in flight; writing
45 verbose afterAdd /Users/Mark/.npm/cookie-parser/1.4.1/package/package.json written
46 silly install resolved [ { name: 'cookie-parser',
46 silly install resolved     description: 'cookie parsing with signatures',
46 silly install resolved     version: '1.4.1',
46 silly install resolved     author:
46 silly install resolved      { name: 'TJ Holowaychuk',
46 silly install resolved        email: 'tj@vision-media.ca',
46 silly install resolved        url: 'http://tjholowaychuk.com' },
46 silly install resolved     contributors: [ [Object] ],
46 silly install resolved     license: 'MIT',
46 silly install resolved     repository:
46 silly install resolved      { type: 'git',
46 silly install resolved        url: 'git+https://github.com/expressjs/cookie-parser.git' },
46 silly install resolved     keywords: [ 'cookie', 'middleware' ],
46 silly install resolved     dependencies: { cookie: '0.2.3', 'cookie-signature': '1.0.6' },
46 silly install resolved     devDependencies: { istanbul: '0.4.2', mocha: '2.3.4', supertest: '1.1.0' },
46 silly install resolved     files: [ 'LICENSE', 'HISTORY.md', 'index.js' ],
46 silly install resolved     engines: { node: '>= 0.8.0' },
46 silly install resolved     scripts:
46 silly install resolved      { test: 'mocha --reporter spec --bail --check-leaks test/',
46 silly install resolved        'test-cov': 'istanbul cover node_modules/mocha/bin/_mocha -- --reporter dot --check-leaks test/',
46 silly install resolved        'test-travis': 'istanbul cover node_modules/mocha/bin/_mocha --report lcovonly -- --reporter spec --check-leaks test/' },
46 silly install resolved     gitHead: '74d3caa4d89006db4c6fc0e1b41d70ee03e5d398',
46 silly install resolved     bugs: { url: 'https://github.com/expressjs/cookie-parser/issues' },
46 silly install resolved     homepage: 'https://github.com/expressjs/cookie-parser',
46 silly install resolved     _id: 'cookie-parser@1.4.1',
46 silly install resolved     _shasum: '6b0ee6a8dec27a063af42d188a592cc1d72ba4f4',
46 silly install resolved     _from: 'cookie-parser@*',
46 silly install resolved     _npmVersion: '1.4.28',
46 silly install resolved     _npmUser: { name: 'dougwilson', email: 'doug@somethingdoug.com' },
46 silly install resolved     maintainers: [ [Object], [Object] ],
46 silly install resolved     dist:
46 silly install resolved      { shasum: '6b0ee6a8dec27a063af42d188a592cc1d72ba4f4',
46 silly install resolved        tarball: 'http://registry.npmjs.org/cookie-parser/-/cookie-parser-1.4.1.tgz' },
46 silly install resolved     directories: {},
46 silly install resolved     _resolved: 'https://registry.npmjs.org/cookie-parser/-/cookie-parser-1.4.1.tgz',
46 silly install resolved     readme: 'ERROR: No README data found!' } ]
47 info install cookie-parser@1.4.1 into /Users/Mark/Desktop/Rutgers/003-RCB-Classwork/Collaborations/Mark_Portfolio-RCBSaturday
48 info installOne cookie-parser@1.4.1
49 verbose installOne of cookie-parser to /Users/Mark/Desktop/Rutgers/003-RCB-Classwork/Collaborations/Mark_Portfolio-RCBSaturday not in flight; installing
50 verbose lock using /Users/Mark/.npm/_locks/cookie-parser-fde4baa8c3d89df2.lock for /Users/Mark/Desktop/Rutgers/003-RCB-Classwork/Collaborations/Mark_Portfolio-RCBSaturday/node_modules/cookie-parser
51 silly install write writing cookie-parser 1.4.1 to /Users/Mark/Desktop/Rutgers/003-RCB-Classwork/Collaborations/Mark_Portfolio-RCBSaturday/node_modules/cookie-parser
52 verbose unbuild node_modules/cookie-parser
53 info preuninstall cookie-parser@1.4.1
54 info uninstall cookie-parser@1.4.1
55 verbose unbuild rmStuff cookie-parser@1.4.1 from /Users/Mark/Desktop/Rutgers/003-RCB-Classwork/Collaborations/Mark_Portfolio-RCBSaturday/node_modules
56 info postuninstall cookie-parser@1.4.1
57 silly gentlyRm /Users/Mark/Desktop/Rutgers/003-RCB-Classwork/Collaborations/Mark_Portfolio-RCBSaturday/node_modules/cookie-parser is being purged from base /Users/Mark/Desktop/Rutgers/003-RCB-Classwork/Collaborations/Mark_Portfolio-RCBSaturday
58 verbose gentlyRm don't care about contents; nuking /Users/Mark/Desktop/Rutgers/003-RCB-Classwork/Collaborations/Mark_Portfolio-RCBSaturday/node_modules/cookie-parser
59 silly vacuum-fs purging /Users/Mark/Desktop/Rutgers/003-RCB-Classwork/Collaborations/Mark_Portfolio-RCBSaturday/node_modules/cookie-parser
60 silly vacuum-fs quitting because other entries in /Users/Mark/Desktop/Rutgers/003-RCB-Classwork/Collaborations/Mark_Portfolio-RCBSaturday/node_modules
61 verbose tar unpack /Users/Mark/.npm/cookie-parser/1.4.1/package.tgz
62 verbose tar unpacking to /Users/Mark/Desktop/Rutgers/003-RCB-Classwork/Collaborations/Mark_Portfolio-RCBSaturday/node_modules/cookie-parser
63 silly gentlyRm /Users/Mark/Desktop/Rutgers/003-RCB-Classwork/Collaborations/Mark_Portfolio-RCBSaturday/node_modules/cookie-parser is being purged
64 verbose gentlyRm don't care about contents; nuking /Users/Mark/Desktop/Rutgers/003-RCB-Classwork/Collaborations/Mark_Portfolio-RCBSaturday/node_modules/cookie-parser
65 silly gunzTarPerm modes [ '755', '644' ]
66 silly gunzTarPerm extractEntry package.json
67 silly gunzTarPerm modified mode [ 'package.json', 438, 420 ]
68 silly gunzTarPerm extractEntry README.md
69 silly gunzTarPerm modified mode [ 'README.md', 438, 420 ]
70 silly gunzTarPerm extractEntry LICENSE
71 silly gunzTarPerm modified mode [ 'LICENSE', 438, 420 ]
72 silly gunzTarPerm extractEntry index.js
73 silly gunzTarPerm modified mode [ 'index.js', 438, 420 ]
74 silly gunzTarPerm extractEntry HISTORY.md
75 silly gunzTarPerm modified mode [ 'HISTORY.md', 438, 420 ]
76 verbose write writing to /Users/Mark/Desktop/Rutgers/003-RCB-Classwork/Collaborations/Mark_Portfolio-RCBSaturday/node_modules/cookie-parser/package.json
77 info preinstall cookie-parser@1.4.1
78 verbose readDependencies loading dependencies from /Users/Mark/Desktop/Rutgers/003-RCB-Classwork/Collaborations/Mark_Portfolio-RCBSaturday/node_modules/cookie-parser/package.json
79 silly prepareForInstallMany adding cookie@0.2.3 from cookie-parser dependencies
80 silly prepareForInstallMany adding cookie-signature@1.0.6 from cookie-parser dependencies
81 verbose readDependencies loading dependencies from /Users/Mark/Desktop/Rutgers/003-RCB-Classwork/Collaborations/Mark_Portfolio-RCBSaturday/node_modules/cookie-parser/package.json
82 silly cache add args [ 'cookie@0.2.3', null ]
83 verbose cache add spec cookie@0.2.3
84 silly cache add args [ 'cookie-signature@1.0.6', null ]
85 verbose cache add spec cookie-signature@1.0.6
86 silly cache add parsed spec Result {
86 silly cache add   raw: 'cookie@0.2.3',
86 silly cache add   scope: null,
86 silly cache add   name: 'cookie',
86 silly cache add   rawSpec: '0.2.3',
86 silly cache add   spec: '0.2.3',
86 silly cache add   type: 'version' }
87 silly addNamed cookie@0.2.3
88 verbose addNamed "0.2.3" is a plain semver version for cookie
89 silly mapToRegistry name cookie
90 silly mapToRegistry using default registry
91 silly mapToRegistry registry https://registry.npmjs.org/
92 silly mapToRegistry uri https://registry.npmjs.org/cookie
93 verbose addNameVersion registry:https://registry.npmjs.org/cookie not in flight; fetching
94 silly cache add parsed spec Result {
94 silly cache add   raw: 'cookie-signature@1.0.6',
94 silly cache add   scope: null,
94 silly cache add   name: 'cookie-signature',
94 silly cache add   rawSpec: '1.0.6',
94 silly cache add   spec: '1.0.6',
94 silly cache add   type: 'version' }
95 silly addNamed cookie-signature@1.0.6
96 verbose addNamed "1.0.6" is a plain semver version for cookie-signature
97 silly mapToRegistry name cookie-signature
98 silly mapToRegistry using default registry
99 silly mapToRegistry registry https://registry.npmjs.org/
100 silly mapToRegistry uri https://registry.npmjs.org/cookie-signature
101 verbose addNameVersion registry:https://registry.npmjs.org/cookie-signature not in flight; fetching
102 verbose request uri https://registry.npmjs.org/cookie-signature
103 verbose request no auth needed
104 info attempt registry request try #1 at 2:24:53 PM
105 verbose etag "9AG3R5JH5HMV65ARYCI0N9W2P"
106 http request GET https://registry.npmjs.org/cookie-signature
107 verbose request uri https://registry.npmjs.org/cookie
108 verbose request no auth needed
109 info attempt registry request try #1 at 2:24:53 PM
110 verbose etag "5AIQUTZ0TO2K5I32S24S5ORIN"
111 http request GET https://registry.npmjs.org/cookie
112 http 304 https://registry.npmjs.org/cookie
113 verbose headers { date: 'Wed, 27 Apr 2016 18:24:53 GMT',
113 verbose headers   via: '1.1 varnish',
113 verbose headers   'cache-control': 'max-age=300',
113 verbose headers   etag: '"5AIQUTZ0TO2K5I32S24S5ORIN"',
113 verbose headers   age: '245',
113 verbose headers   connection: 'keep-alive',
113 verbose headers   'x-served-by': 'cache-atl6221-ATL',
113 verbose headers   'x-cache': 'HIT',
113 verbose headers   'x-cache-hits': '5',
113 verbose headers   'x-timer': 'S1461781493.417545,VS0,VE0',
113 verbose headers   vary: 'Accept-Encoding' }
114 silly get cb [ 304,
114 silly get   { date: 'Wed, 27 Apr 2016 18:24:53 GMT',
114 silly get     via: '1.1 varnish',
114 silly get     'cache-control': 'max-age=300',
114 silly get     etag: '"5AIQUTZ0TO2K5I32S24S5ORIN"',
114 silly get     age: '245',
114 silly get     connection: 'keep-alive',
114 silly get     'x-served-by': 'cache-atl6221-ATL',
114 silly get     'x-cache': 'HIT',
114 silly get     'x-cache-hits': '5',
114 silly get     'x-timer': 'S1461781493.417545,VS0,VE0',
114 silly get     vary: 'Accept-Encoding' } ]
115 verbose etag https://registry.npmjs.org/cookie from cache
116 verbose get saving cookie to /Users/Mark/.npm/registry.npmjs.org/cookie/.cache.json
117 http 304 https://registry.npmjs.org/cookie-signature
118 verbose headers { date: 'Wed, 27 Apr 2016 18:24:53 GMT',
118 verbose headers   via: '1.1 varnish',
118 verbose headers   'cache-control': 'max-age=300',
118 verbose headers   etag: '"9AG3R5JH5HMV65ARYCI0N9W2P"',
118 verbose headers   age: '40',
118 verbose headers   connection: 'keep-alive',
118 verbose headers   'x-served-by': 'cache-atl6220-ATL',
118 verbose headers   'x-cache': 'HIT',
118 verbose headers   'x-cache-hits': '1',
118 verbose headers   'x-timer': 'S1461781493.419084,VS0,VE0',
118 verbose headers   vary: 'Accept-Encoding' }
119 silly get cb [ 304,
119 silly get   { date: 'Wed, 27 Apr 2016 18:24:53 GMT',
119 silly get     via: '1.1 varnish',
119 silly get     'cache-control': 'max-age=300',
119 silly get     etag: '"9AG3R5JH5HMV65ARYCI0N9W2P"',
119 silly get     age: '40',
119 silly get     connection: 'keep-alive',
119 silly get     'x-served-by': 'cache-atl6220-ATL',
119 silly get     'x-cache': 'HIT',
119 silly get     'x-cache-hits': '1',
119 silly get     'x-timer': 'S1461781493.419084,VS0,VE0',
119 silly get     vary: 'Accept-Encoding' } ]
120 verbose etag https://registry.npmjs.org/cookie-signature from cache
121 verbose get saving cookie-signature to /Users/Mark/.npm/registry.npmjs.org/cookie-signature/.cache.json
122 silly cache afterAdd cookie-signature@1.0.6
123 verbose afterAdd /Users/Mark/.npm/cookie-signature/1.0.6/package/package.json not in flight; writing
124 silly cache afterAdd cookie@0.2.3
125 verbose afterAdd /Users/Mark/.npm/cookie/0.2.3/package/package.json not in flight; writing
126 verbose afterAdd /Users/Mark/.npm/cookie/0.2.3/package/package.json written
127 verbose afterAdd /Users/Mark/.npm/cookie-signature/1.0.6/package/package.json written
128 silly install resolved [ { name: 'cookie',
128 silly install resolved     description: 'cookie parsing and serialization',
128 silly install resolved     version: '0.2.3',
128 silly install resolved     author: { name: 'Roman Shtylman', email: 'shtylman@gmail.com' },
128 silly install resolved     contributors: [ [Object] ],
128 silly install resolved     license: 'MIT',
128 silly install resolved     keywords: [ 'cookie', 'cookies' ],
128 silly install resolved     repository: { type: 'git', url: 'git+https://github.com/jshttp/cookie.git' },
128 silly install resolved     devDependencies: { istanbul: '0.3.22', mocha: '1.21.5' },
128 silly install resolved     files: [ 'HISTORY.md', 'LICENSE', 'README.md', 'index.js' ],
128 silly install resolved     engines: { node: '>= 0.6' },
128 silly install resolved     scripts:
128 silly install resolved      { test: 'mocha --reporter spec --bail --check-leaks test/',
128 silly install resolved        'test-ci': 'istanbul cover node_modules/mocha/bin/_mocha --report lcovonly -- --reporter spec --check-leaks test/',
128 silly install resolved        'test-cov': 'istanbul cover node_modules/mocha/bin/_mocha -- --reporter dot --check-leaks test/' },
128 silly install resolved     gitHead: '35326af88e9665bb8ea1be280cb827523e9360a7',
128 silly install resolved     bugs: { url: 'https://github.com/jshttp/cookie/issues' },
128 silly install resolved     homepage: 'https://github.com/jshttp/cookie',
128 silly install resolved     _id: 'cookie@0.2.3',
128 silly install resolved     _shasum: '1a59536af68537a21178a01346f87cb059d2ae5c',
128 silly install resolved     _from: 'cookie@0.2.3',
128 silly install resolved     _npmVersion: '1.4.28',
128 silly install resolved     _npmUser: { name: 'dougwilson', email: 'doug@somethingdoug.com' },
128 silly install resolved     maintainers: [ [Object], [Object], [Object] ],
128 silly install resolved     dist:
128 silly install resolved      { shasum: '1a59536af68537a21178a01346f87cb059d2ae5c',
128 silly install resolved        tarball: 'https://registry.npmjs.org/cookie/-/cookie-0.2.3.tgz' },
128 silly install resolved     directories: {},
128 silly install resolved     _resolved: 'https://registry.npmjs.org/cookie/-/cookie-0.2.3.tgz',
128 silly install resolved     readme: 'ERROR: No README data found!' },
128 silly install resolved   { name: 'cookie-signature',
128 silly install resolved     version: '1.0.6',
128 silly install resolved     description: 'Sign and unsign cookies',
128 silly install resolved     keywords: [ 'cookie', 'sign', 'unsign' ],
128 silly install resolved     author: { name: 'TJ Holowaychuk', email: 'tj@learnboost.com' },
128 silly install resolved     license: 'MIT',
128 silly install resolved     repository:
128 silly install resolved      { type: 'git',
128 silly install resolved        url: 'git+https://github.com/visionmedia/node-cookie-signature.git' },
128 silly install resolved     dependencies: {},
128 silly install resolved     devDependencies: { mocha: '*', should: '*' },
128 silly install resolved     scripts: { test: 'mocha --require should --reporter spec' },
128 silly install resolved     main: 'index',
128 silly install resolved     gitHead: '391b56cf44d88c493491b7e3fc53208cfb976d2a',
128 silly install resolved     bugs: { url: 'https://github.com/visionmedia/node-cookie-signature/issues' },
128 silly install resolved     homepage: 'https://github.com/visionmedia/node-cookie-signature',
128 silly install resolved     _id: 'cookie-signature@1.0.6',
128 silly install resolved     _shasum: 'e303a882b342cc3ee8ca513a79999734dab3ae2c',
128 silly install resolved     _from: 'cookie-signature@1.0.6',
128 silly install resolved     _npmVersion: '2.3.0',
128 silly install resolved     _nodeVersion: '0.10.36',
128 silly install resolved     _npmUser: { name: 'natevw', email: 'natevw@yahoo.com' },
128 silly install resolved     maintainers: [ [Object], [Object] ],
128 silly install resolved     dist:
128 silly install resolved      { shasum: 'e303a882b342cc3ee8ca513a79999734dab3ae2c',
128 silly install resolved        tarball: 'http://registry.npmjs.org/cookie-signature/-/cookie-signature-1.0.6.tgz' },
128 silly install resolved     directories: {},
128 silly install resolved     _resolved: 'https://registry.npmjs.org/cookie-signature/-/cookie-signature-1.0.6.tgz',
128 silly install resolved     readme: 'ERROR: No README data found!' } ]
129 info install cookie@0.2.3 into /Users/Mark/Desktop/Rutgers/003-RCB-Classwork/Collaborations/Mark_Portfolio-RCBSaturday/node_modules/cookie-parser
130 info install cookie-signature@1.0.6 into /Users/Mark/Desktop/Rutgers/003-RCB-Classwork/Collaborations/Mark_Portfolio-RCBSaturday/node_modules/cookie-parser
131 info installOne cookie@0.2.3
132 verbose installOne of cookie to /Users/Mark/Desktop/Rutgers/003-RCB-Classwork/Collaborations/Mark_Portfolio-RCBSaturday/node_modules/cookie-parser not in flight; installing
133 info installOne cookie-signature@1.0.6
134 verbose installOne of cookie-signature to /Users/Mark/Desktop/Rutgers/003-RCB-Classwork/Collaborations/Mark_Portfolio-RCBSaturday/node_modules/cookie-parser not in flight; installing
135 verbose lock using /Users/Mark/.npm/_locks/cookie-0577d13de2295d87.lock for /Users/Mark/Desktop/Rutgers/003-RCB-Classwork/Collaborations/Mark_Portfolio-RCBSaturday/node_modules/cookie-parser/node_modules/cookie
136 silly install write writing cookie 0.2.3 to /Users/Mark/Desktop/Rutgers/003-RCB-Classwork/Collaborations/Mark_Portfolio-RCBSaturday/node_modules/cookie-parser/node_modules/cookie
137 verbose lock using /Users/Mark/.npm/_locks/cookie-signature-0d5f2efb94cd2a08.lock for /Users/Mark/Desktop/Rutgers/003-RCB-Classwork/Collaborations/Mark_Portfolio-RCBSaturday/node_modules/cookie-parser/node_modules/cookie-signature
138 silly install write writing cookie-signature 1.0.6 to /Users/Mark/Desktop/Rutgers/003-RCB-Classwork/Collaborations/Mark_Portfolio-RCBSaturday/node_modules/cookie-parser/node_modules/cookie-signature
139 verbose unbuild node_modules/cookie-parser/node_modules/cookie
140 verbose unbuild node_modules/cookie-parser/node_modules/cookie-signature
141 silly gentlyRm /Users/Mark/Desktop/Rutgers/003-RCB-Classwork/Collaborations/Mark_Portfolio-RCBSaturday/node_modules/cookie-parser/node_modules/cookie is being purged from base /Users/Mark/Desktop/Rutgers/003-RCB-Classwork/Collaborations/Mark_Portfolio-RCBSaturday
142 verbose gentlyRm don't care about contents; nuking /Users/Mark/Desktop/Rutgers/003-RCB-Classwork/Collaborations/Mark_Portfolio-RCBSaturday/node_modules/cookie-parser/node_modules/cookie
143 verbose tar unpack /Users/Mark/.npm/cookie/0.2.3/package.tgz
144 verbose tar unpacking to /Users/Mark/Desktop/Rutgers/003-RCB-Classwork/Collaborations/Mark_Portfolio-RCBSaturday/node_modules/cookie-parser/node_modules/cookie
145 silly gentlyRm /Users/Mark/Desktop/Rutgers/003-RCB-Classwork/Collaborations/Mark_Portfolio-RCBSaturday/node_modules/cookie-parser/node_modules/cookie is being purged
146 verbose gentlyRm don't care about contents; nuking /Users/Mark/Desktop/Rutgers/003-RCB-Classwork/Collaborations/Mark_Portfolio-RCBSaturday/node_modules/cookie-parser/node_modules/cookie
147 silly gentlyRm /Users/Mark/Desktop/Rutgers/003-RCB-Classwork/Collaborations/Mark_Portfolio-RCBSaturday/node_modules/cookie-parser/node_modules/cookie-signature is being purged from base /Users/Mark/Desktop/Rutgers/003-RCB-Classwork/Collaborations/Mark_Portfolio-RCBSaturday
148 verbose gentlyRm don't care about contents; nuking /Users/Mark/Desktop/Rutgers/003-RCB-Classwork/Collaborations/Mark_Portfolio-RCBSaturday/node_modules/cookie-parser/node_modules/cookie-signature
149 silly gunzTarPerm modes [ '755', '644' ]
150 verbose tar unpack /Users/Mark/.npm/cookie-signature/1.0.6/package.tgz
151 verbose tar unpacking to /Users/Mark/Desktop/Rutgers/003-RCB-Classwork/Collaborations/Mark_Portfolio-RCBSaturday/node_modules/cookie-parser/node_modules/cookie-signature
152 silly gentlyRm /Users/Mark/Desktop/Rutgers/003-RCB-Classwork/Collaborations/Mark_Portfolio-RCBSaturday/node_modules/cookie-parser/node_modules/cookie-signature is being purged
153 verbose gentlyRm don't care about contents; nuking /Users/Mark/Desktop/Rutgers/003-RCB-Classwork/Collaborations/Mark_Portfolio-RCBSaturday/node_modules/cookie-parser/node_modules/cookie-signature
154 silly gunzTarPerm modes [ '755', '644' ]
155 silly gunzTarPerm extractEntry package.json
156 silly gunzTarPerm modified mode [ 'package.json', 438, 420 ]
157 silly gunzTarPerm extractEntry package.json
158 silly gunzTarPerm extractEntry README.md
159 silly gunzTarPerm modified mode [ 'README.md', 438, 420 ]
160 silly gunzTarPerm extractEntry LICENSE
161 silly gunzTarPerm modified mode [ 'LICENSE', 438, 420 ]
162 silly gunzTarPerm extractEntry .npmignore
163 silly gunzTarPerm extractEntry index.js
164 silly gunzTarPerm extractEntry index.js
165 silly gunzTarPerm modified mode [ 'index.js', 438, 420 ]
166 silly gunzTarPerm extractEntry HISTORY.md
167 silly gunzTarPerm modified mode [ 'HISTORY.md', 438, 420 ]
168 silly gunzTarPerm extractEntry History.md
169 silly gunzTarPerm extractEntry Readme.md
170 verbose write writing to /Users/Mark/Desktop/Rutgers/003-RCB-Classwork/Collaborations/Mark_Portfolio-RCBSaturday/node_modules/cookie-parser/node_modules/cookie/package.json
171 verbose write writing to /Users/Mark/Desktop/Rutgers/003-RCB-Classwork/Collaborations/Mark_Portfolio-RCBSaturday/node_modules/cookie-parser/node_modules/cookie-signature/package.json
172 info preinstall cookie@0.2.3
173 info preinstall cookie-signature@1.0.6
174 verbose readDependencies loading dependencies from /Users/Mark/Desktop/Rutgers/003-RCB-Classwork/Collaborations/Mark_Portfolio-RCBSaturday/node_modules/cookie-parser/node_modules/cookie/package.json
175 verbose readDependencies loading dependencies from /Users/Mark/Desktop/Rutgers/003-RCB-Classwork/Collaborations/Mark_Portfolio-RCBSaturday/node_modules/cookie-parser/node_modules/cookie-signature/package.json
176 verbose readDependencies loading dependencies from /Users/Mark/Desktop/Rutgers/003-RCB-Classwork/Collaborations/Mark_Portfolio-RCBSaturday/node_modules/cookie-parser/node_modules/cookie/package.json
177 verbose readDependencies loading dependencies from /Users/Mark/Desktop/Rutgers/003-RCB-Classwork/Collaborations/Mark_Portfolio-RCBSaturday/node_modules/cookie-parser/node_modules/cookie-signature/package.json
178 silly install resolved []
179 verbose about to build /Users/Mark/Desktop/Rutgers/003-RCB-Classwork/Collaborations/Mark_Portfolio-RCBSaturday/node_modules/cookie-parser/node_modules/cookie
180 info build /Users/Mark/Desktop/Rutgers/003-RCB-Classwork/Collaborations/Mark_Portfolio-RCBSaturday/node_modules/cookie-parser/node_modules/cookie
181 silly install resolved []
182 verbose about to build /Users/Mark/Desktop/Rutgers/003-RCB-Classwork/Collaborations/Mark_Portfolio-RCBSaturday/node_modules/cookie-parser/node_modules/cookie-signature
183 info build /Users/Mark/Desktop/Rutgers/003-RCB-Classwork/Collaborations/Mark_Portfolio-RCBSaturday/node_modules/cookie-parser/node_modules/cookie-signature
184 info linkStuff cookie@0.2.3
185 silly linkStuff cookie@0.2.3 has /Users/Mark/Desktop/Rutgers/003-RCB-Classwork/Collaborations/Mark_Portfolio-RCBSaturday/node_modules/cookie-parser/node_modules as its parent node_modules
186 info linkStuff cookie-signature@1.0.6
187 silly linkStuff cookie-signature@1.0.6 has /Users/Mark/Desktop/Rutgers/003-RCB-Classwork/Collaborations/Mark_Portfolio-RCBSaturday/node_modules/cookie-parser/node_modules as its parent node_modules
188 verbose linkBins cookie@0.2.3
189 verbose linkMans cookie@0.2.3
190 verbose rebuildBundles cookie@0.2.3
191 info install cookie@0.2.3
192 verbose linkBins cookie-signature@1.0.6
193 verbose linkMans cookie-signature@1.0.6
194 verbose rebuildBundles cookie-signature@1.0.6
195 info postinstall cookie@0.2.3
196 info install cookie-signature@1.0.6
197 info postinstall cookie-signature@1.0.6
198 verbose unlock done using /Users/Mark/.npm/_locks/cookie-0577d13de2295d87.lock for /Users/Mark/Desktop/Rutgers/003-RCB-Classwork/Collaborations/Mark_Portfolio-RCBSaturday/node_modules/cookie-parser/node_modules/cookie
199 verbose unlock done using /Users/Mark/.npm/_locks/cookie-signature-0d5f2efb94cd2a08.lock for /Users/Mark/Desktop/Rutgers/003-RCB-Classwork/Collaborations/Mark_Portfolio-RCBSaturday/node_modules/cookie-parser/node_modules/cookie-signature
200 verbose about to build /Users/Mark/Desktop/Rutgers/003-RCB-Classwork/Collaborations/Mark_Portfolio-RCBSaturday/node_modules/cookie-parser
201 info build /Users/Mark/Desktop/Rutgers/003-RCB-Classwork/Collaborations/Mark_Portfolio-RCBSaturday/node_modules/cookie-parser
202 info linkStuff cookie-parser@1.4.1
203 silly linkStuff cookie-parser@1.4.1 has /Users/Mark/Desktop/Rutgers/003-RCB-Classwork/Collaborations/Mark_Portfolio-RCBSaturday/node_modules as its parent node_modules
204 verbose linkBins cookie-parser@1.4.1
205 verbose linkMans cookie-parser@1.4.1
206 verbose rebuildBundles cookie-parser@1.4.1
207 verbose rebuildBundles [ 'cookie', 'cookie-signature' ]
208 info install cookie-parser@1.4.1
209 info postinstall cookie-parser@1.4.1
210 verbose unlock done using /Users/Mark/.npm/_locks/cookie-parser-fde4baa8c3d89df2.lock for /Users/Mark/Desktop/Rutgers/003-RCB-Classwork/Collaborations/Mark_Portfolio-RCBSaturday/node_modules/cookie-parser
211 verbose validateInstall loading /Users/Mark/Desktop/Rutgers/003-RCB-Classwork/Collaborations/Mark_Portfolio-RCBSaturday/package.json for validation
212 verbose stack Error: The package karma@0.10.10 does not satisfy its siblings' peerDependencies requirements!
212 verbose stack     at /usr/local/lib/node_modules/npm/lib/install.js:125:32
212 verbose stack     at /usr/local/lib/node_modules/npm/lib/install.js:268:7
212 verbose stack     at /usr/local/lib/node_modules/npm/node_modules/read-installed/read-installed.js:142:5
212 verbose stack     at /usr/local/lib/node_modules/npm/node_modules/read-installed/read-installed.js:263:14
212 verbose stack     at cb (/usr/local/lib/node_modules/npm/node_modules/slide/lib/async-map.js:47:24)
212 verbose stack     at /usr/local/lib/node_modules/npm/node_modules/read-installed/read-installed.js:263:14
212 verbose stack     at cb (/usr/local/lib/node_modules/npm/node_modules/slide/lib/async-map.js:47:24)
212 verbose stack     at /usr/local/lib/node_modules/npm/node_modules/read-installed/read-installed.js:263:14
212 verbose stack     at cb (/usr/local/lib/node_modules/npm/node_modules/slide/lib/async-map.js:47:24)
212 verbose stack     at /usr/local/lib/node_modules/npm/node_modules/read-installed/read-installed.js:263:14
213 verbose cwd /Users/Mark/Desktop/Rutgers/003-RCB-Classwork/Collaborations/Mark_Portfolio-RCBSaturday
214 error Darwin 14.5.0
215 error argv "/usr/local/bin/node" "/usr/local/bin/npm" "install" "cookie-parser" "--save"
216 error node v4.2.1
217 error npm  v2.14.7
218 error code EPEERINVALID
219 error peerinvalid The package karma@0.10.10 does not satisfy its siblings' peerDependencies requirements!
219 error peerinvalid Peer grunt-karma@0.7.3 wants karma@~0.12.0
219 error peerinvalid Peer karma-html2js-preprocessor@0.1.0 wants karma@>=0.9
219 error peerinvalid Peer karma-coffee-preprocessor@0.1.3 wants karma@>=0.9
219 error peerinvalid Peer karma-mocha@0.1.10 wants karma@>=0.12.8
219 error peerinvalid Peer karma-script-launcher@0.1.0 wants karma@>=0.9
219 error peerinvalid Peer karma-phantomjs-launcher@0.1.4 wants karma@>=0.9
219 error peerinvalid Peer karma-jasmine@0.1.6 wants karma@>=0.9
219 error peerinvalid Peer karma-requirejs@0.2.6 wants karma@>=0.9
220 verbose exit [ 1, true ]
